{"level":"info","msg":"KITEX: server listen at addr=[::]:8888","time":"2025-03-31T18:46:55+08:00"}
{"level":"info","msg":"start keepalive lease 694d95ebcf41e304 for etcd registry","time":"2025-03-31T18:46:56+08:00"}
{"level":"info","msg":"KITEX: server listen at addr=[::]:8888","time":"2025-03-31T19:05:55+08:00"}
{"level":"info","msg":"start keepalive lease 694d95ebcf41e32e for etcd registry","time":"2025-03-31T19:05:56+08:00"}
{"level":"info","msg":"KITEX: server listen at addr=[::]:8888","time":"2025-03-31T19:06:54+08:00"}
{"level":"info","msg":"start keepalive lease 694d95ebcf41e334 for etcd registry","time":"2025-03-31T19:06:55+08:00"}
{"level":"info","msg":"KITEX: server listen at addr=[::]:8888","time":"2025-03-31T19:11:14+08:00"}
{"level":"info","msg":"start keepalive lease 694d95ebcf41e341 for etcd registry","time":"2025-03-31T19:11:15+08:00"}
{"level":"info","msg":"KITEX: server listen at addr=[::]:8888","time":"2025-03-31T19:21:39+08:00"}
{"level":"info","msg":"start keepalive lease 694d95ebcf41e34e for etcd registry","time":"2025-03-31T19:21:40+08:00"}
{"level":"info","msg":"KITEX: server listen at addr=[::]:8888","time":"2025-03-31T19:27:21+08:00"}
{"level":"info","msg":"start keepalive lease 694d95ebcf41e354 for etcd registry","time":"2025-03-31T19:27:22+08:00"}
{"level":"info","msg":"KITEX: server listen at addr=[::]:8888","time":"2025-03-31T19:28:40+08:00"}
{"level":"info","msg":"start keepalive lease 694d95ebcf41e35a for etcd registry","time":"2025-03-31T19:28:41+08:00"}
{"level":"info","msg":"KITEX: server listen at addr=[::]:8888","time":"2025-03-31T19:34:34+08:00"}
{"level":"error","msg":"KITEX: received error and exit: error=context deadline exceeded","time":"2025-03-31T19:34:38+08:00"}
{"level":"info","msg":"KITEX: server listen at addr=[::]:8888","time":"2025-03-31T19:34:51+08:00"}
{"level":"info","msg":"start keepalive lease 694d95ebfb79f304 for etcd registry","time":"2025-03-31T19:34:52+08:00"}
{"level":"info","msg":"KITEX: server listen at addr=[::]:8888","time":"2025-03-31T19:36:49+08:00"}
{"level":"info","msg":"start keepalive lease 694d95ebfb79f30c for etcd registry","time":"2025-03-31T19:36:50+08:00"}
{"level":"info","msg":"KITEX: server listen at addr=[::]:8888","time":"2025-03-31T19:53:09+08:00"}
{"level":"info","msg":"start keepalive lease 694d95ebfb79f33e for etcd registry","time":"2025-03-31T19:53:10+08:00"}
{"level":"info","msg":"KITEX: server listen at addr=[::]:8888","time":"2025-03-31T19:53:53+08:00"}
{"level":"info","msg":"start keepalive lease 694d95ebfb79f345 for etcd registry","time":"2025-03-31T19:53:54+08:00"}
{"level":"info","msg":"KITEX: server listen at addr=[::]:8888","time":"2025-03-31T20:30:57+08:00"}
{"level":"error","msg":"KITEX: received error and exit: error=context deadline exceeded","time":"2025-03-31T20:31:01+08:00"}
{"level":"info","msg":"KITEX: server listen at addr=[::]:8888","time":"2025-03-31T20:31:48+08:00"}
{"level":"info","msg":"start keepalive lease 694d95ec2faf2504 for etcd registry","time":"2025-03-31T20:31:49+08:00"}
{"level":"info","msg":"KITEX: server listen at addr=[::]:8888","time":"2025-03-31T20:32:57+08:00"}
{"level":"info","msg":"start keepalive lease 694d95ec2faf250a for etcd registry","time":"2025-03-31T20:32:58+08:00"}
{"level":"info","msg":"KITEX: server listen at addr=[::]:8888","time":"2025-03-31T20:34:31+08:00"}
{"level":"info","msg":"start keepalive lease 694d95ec2faf2511 for etcd registry","time":"2025-03-31T20:34:32+08:00"}
{"level":"info","msg":"KITEX: server listen at addr=[::]:9000","time":"2025-03-31T20:39:56+08:00"}
{"level":"info","msg":"start keepalive lease 694d95ec2faf251f for etcd registry","time":"2025-03-31T20:39:57+08:00"}
{"level":"info","msg":"KITEX: server listen at addr=[::]:9000","time":"2025-03-31T20:40:08+08:00"}
{"level":"info","msg":"start keepalive lease 694d95ec2faf2524 for etcd registry","time":"2025-03-31T20:40:09+08:00"}
{"level":"info","msg":"KITEX: server listen at addr=[::]:9000","time":"2025-03-31T20:40:45+08:00"}
{"level":"info","msg":"start keepalive lease 694d95ec2faf252b for etcd registry","time":"2025-03-31T20:40:46+08:00"}
{"level":"info","msg":"KITEX: server listen at addr=[::]:9000","time":"2025-03-31T20:41:26+08:00"}
{"level":"info","msg":"start keepalive lease 694d95ec2faf2533 for etcd registry","time":"2025-03-31T20:41:27+08:00"}
{"level":"info","msg":"KITEX: server listen at addr=[::]:9000","time":"2025-03-31T20:41:39+08:00"}
{"level":"info","msg":"start keepalive lease 694d95ec2faf2538 for etcd registry","time":"2025-03-31T20:41:40+08:00"}
{"level":"info","msg":"KITEX: server listen at addr=[::]:9000","time":"2025-03-31T20:41:54+08:00"}
{"level":"info","msg":"start keepalive lease 694d95ec2faf253d for etcd registry","time":"2025-03-31T20:41:55+08:00"}
{"level":"info","msg":"KITEX: server listen at addr=[::]:9000","time":"2025-03-31T20:47:41+08:00"}
{"level":"info","msg":"start keepalive lease 694d95ec2faf2554 for etcd registry","time":"2025-03-31T20:47:42+08:00"}
{"level":"info","msg":"KITEX: server listen at addr=[::]:9000","time":"2025-03-31T20:48:01+08:00"}
{"level":"info","msg":"start keepalive lease 694d95ec2faf2558 for etcd registry","time":"2025-03-31T20:48:02+08:00"}
{"level":"info","msg":"KITEX: server listen at addr=[::]:9000","time":"2025-03-31T20:48:34+08:00"}
{"level":"info","msg":"start keepalive lease 694d95ec2faf255c for etcd registry","time":"2025-03-31T20:48:35+08:00"}
{"level":"info","msg":"KITEX: server listen at addr=[::]:9000","time":"2025-03-31T20:49:07+08:00"}
{"level":"info","msg":"start keepalive lease 694d95ec2faf2562 for etcd registry","time":"2025-03-31T20:49:08+08:00"}
{"level":"info","msg":"KITEX: server listen at addr=[::]:9000","time":"2025-03-31T20:50:17+08:00"}
{"level":"info","msg":"start keepalive lease 694d95ec2faf256a for etcd registry","time":"2025-03-31T20:50:18+08:00"}
{"level":"info","msg":"KITEX: server listen at addr=[::]:9000","time":"2025-03-31T20:50:31+08:00"}
{"level":"info","msg":"KITEX: server listen at addr=[::]:9000","time":"2025-03-31T20:50:37+08:00"}
{"level":"info","msg":"start keepalive lease 694d95ec2faf256f for etcd registry","time":"2025-03-31T20:50:38+08:00"}
{"level":"info","msg":"KITEX: server listen at addr=[::]:9000","time":"2025-03-31T20:51:21+08:00"}
{"level":"info","msg":"start keepalive lease 694d95ec2faf2576 for etcd registry","time":"2025-03-31T20:51:22+08:00"}
{"level":"info","msg":"KITEX: server listen at addr=[::]:9000","time":"2025-03-31T20:52:10+08:00"}
{"level":"info","msg":"start keepalive lease 694d95ec2faf257b for etcd registry","time":"2025-03-31T20:52:11+08:00"}
{"level":"info","msg":"KITEX: server listen at addr=[::]:9000","time":"2025-03-31T20:52:31+08:00"}
{"level":"info","msg":"start keepalive lease 694d95ec2faf257f for etcd registry","time":"2025-03-31T20:52:32+08:00"}
{"level":"info","msg":"KITEX: server listen at addr=[::]:9000","time":"2025-03-31T20:53:18+08:00"}
{"level":"info","msg":"start keepalive lease 694d95ec2faf2585 for etcd registry","time":"2025-03-31T20:53:19+08:00"}
{"level":"info","msg":"KITEX: server listen at addr=[::]:9000","time":"2025-03-31T20:53:34+08:00"}
{"level":"info","msg":"start keepalive lease 694d95ec2faf258a for etcd registry","time":"2025-03-31T20:53:35+08:00"}
{"level":"info","msg":"KITEX: server listen at addr=[::]:9000","time":"2025-03-31T20:53:49+08:00"}
{"level":"info","msg":"start keepalive lease 694d95ec2faf258e for etcd registry","time":"2025-03-31T20:53:50+08:00"}
{"level":"info","msg":"KITEX: server listen at addr=[::]:9000","time":"2025-03-31T21:00:56+08:00"}
{"level":"info","msg":"start keepalive lease 694d95ec2faf259a for etcd registry","time":"2025-03-31T21:00:57+08:00"}
{"level":"info","msg":"KITEX: server listen at addr=[::]:9000","time":"2025-04-08T18:31:26+08:00"}
{"level":"info","msg":"start keepalive lease 694d9614731f4004 for etcd registry","time":"2025-04-08T18:31:27+08:00"}
{"level":"info","msg":"KITEX: server listen at addr=[::]:9000","time":"2025-04-08T20:32:53+08:00"}
{"level":"info","msg":"start keepalive lease 694d9614731f400b for etcd registry","time":"2025-04-08T20:32:54+08:00"}
{"level":"info","msg":"KITEX: server listen at addr=[::]:9000","time":"2025-04-08T20:33:50+08:00"}
{"level":"info","msg":"start keepalive lease 694d9614731f4010 for etcd registry","time":"2025-04-08T20:33:51+08:00"}
{"level":"info","msg":"KITEX: server listen at addr=[::]:9000","time":"2025-04-08T21:42:00+08:00"}
{"level":"info","msg":"start keepalive lease 694d9614731f407d for etcd registry","time":"2025-04-08T21:42:01+08:00"}
{"level":"error","msg":"KITEX: processing request error, remoteService=, remoteAddr=192.168.1.4:32890, error=panic: [happened in biz handler, method=UserService.Sign, please check the panic at the server side] failed to connect database: failed to connect to `user=postgres database=postgres`: 127.0.0.1:5432 (127.0.0.1): failed SASL auth: 致命错误: 用户 \"postgres\" Password 认证失败 (SQLSTATE 28P01)\nstack=goroutine 10 [running]:\nruntime/debug.Stack()\n\t/usr/local/go/src/runtime/debug/stack.go:26 +0x5e\ngithub.com/cloudwego/kitex/server.(*server).buildInvokeChain.(*server).invokeHandleEndpoint.func1.1()\n\t/home/doncz/go/pkg/mod/github.com/cloudwego/kitex@v0.12.3/server/server.go:394 +0x145\npanic({0x14e1b60?, 0xc002184d70?})\n\t/usr/local/go/src/runtime/panic.go:792 +0x132\ngithub.com/ITu-CloudWeGo/itu_rpc_user/db.initUserDao({0xc0000be150, 0x6f}, 0xc001e74140)\n\t/home/doncz/code/ITu/itu_rpc_user/db/dao.go:55 +0x225\ngithub.com/ITu-CloudWeGo/itu_rpc_user/db.GetUserDao.func1()\n\t/home/doncz/code/ITu/itu_rpc_user/db/dao.go:73 +0xd7\nsync.(*Once).doSlow(0x1?, 0x18?)\n\t/usr/local/go/src/sync/once.go:78 +0xab\nsync.(*Once).Do(...)\n\t/usr/local/go/src/sync/once.go:69\ngithub.com/ITu-CloudWeGo/itu_rpc_user/db.GetUserDao()\n\t/home/doncz/code/ITu/itu_rpc_user/db/dao.go:70 +0x2c\nmain.(*UserServiceImpl).Sign(0x25c6540?, {0x1600540?, 0x17ef001?}, 0xc0000ee500)\n\t/home/doncz/code/ITu/itu_rpc_user/handler.go:23 +0x27\ngithub.com/ITu-CloudWeGo/itu_rpc_user/kitex_gen/user_service/userservice.signHandler({0x19a8aa0, 0xc001e7ad80}, {0x1600540?, 0x266c820}, {0x1699900?, 0xc001932008?}, {0x16a4720, 0xc001932010})\n\t/home/doncz/code/ITu/itu_rpc_user/kitex_gen/user_service/userservice/userservice.go:126 +0x238\ngithub.com/cloudwego/kitex/server.(*server).buildInvokeChain.(*server).invokeHandleEndpoint.func1({0x19a8aa0, 0xc001e7ad80}, {0x1699900, 0xc001932008}, {0x16a4720, 0xc001932010})\n\t/home/doncz/go/pkg/mod/github.com/cloudwego/kitex@v0.12.3/server/server.go:408 +0x2b3\ngithub.com/cloudwego/kitex/server.(*server).buildMiddlewares.(*server).buildCoreMiddleware.func2.1({0x19a8aa0, 0xc001e7ad80}, {0x1699900?, 0xc001932008?}, {0x16a4720?, 0xc001932010?})\n\t/home/doncz/go/pkg/mod/github.com/cloudwego/kitex@v0.12.3/server/server.go:365 +0xb6\ngithub.com/cloudwego/kitex/server.(*server).buildStreamCtxInjectMiddleware.newCtxInjectMW.func1.1({0x19a8aa0?, 0xc001e7ad80?}, {0x1699900?, 0xc001932008?}, {0x16a4720?, 0xc001932010?})\n\t/home/doncz/go/pkg/mod/github.com/cloudwego/kitex@v0.12.3/server/middlewares.go:54 +0x116\ngithub.com/cloudwego/kitex/pkg/remote/trans.(*svrTransHandler).OnMessage(0xc001f5ede0, {0x19a8aa0, 0xc001e7ad80}, {0x19ba7a0?, 0xc000030090?}, {0x19ba7a0, 0xc000030120})\n\t/home/doncz/go/pkg/mod/github.com/cloudwego/kitex@v0.12.3/pkg/remote/trans/default_server_handler.go:242 +0x8b\ngithub.com/cloudwego/kitex/pkg/remote/trans/detection.(*svrTransHandler).OnMessage(0xc001895560?, {0x19a8aa0, 0xc001e7ad80}, {0x19ba7a0, 0xc000030090}, {0x19ba7a0, 0xc000030120})\n\t/home/doncz/go/pkg/mod/github.com/cloudwego/kitex@v0.12.3/pkg/remote/trans/detection/server_handler.go:130 +0x58\ngithub.com/cloudwego/kitex/pkg/remote.(*TransPipeline).OnMessage(0xc001f7c140, {0x19a8aa0?, 0xc001e7a960?}, {0x19ba7a0, 0xc000030090}, {0x19ba7a0, 0xc000030120})\n\t/home/doncz/go/pkg/mod/github.com/cloudwego/kitex@v0.12.3/pkg/remote/trans_pipeline.go:156 +0x117\ngithub.com/cloudwego/kitex/pkg/remote/trans.(*svrTransHandler).OnRead(0xc001f5ede0, {0x19a8aa0, 0xc001e7a960}, {0x7fb2d965a818, 0xc001e74000})\n\t/home/doncz/go/pkg/mod/github.com/cloudwego/kitex@v0.12.3/pkg/remote/trans/default_server_handler.go:217 +0x485\ngithub.com/cloudwego/kitex/pkg/remote/trans/detection.(*svrTransHandler).OnRead(0xc001f698f0, {0x19a8aa0, 0xc001e7a960}, {0x7fb2d965a818, 0xc001e74000})\n\t/home/doncz/go/pkg/mod/github.com/cloudwego/kitex@v0.12.3/pkg/remote/trans/detection/server_handler.go:114 +0x218\ngithub.com/cloudwego/kitex/pkg/remote.(*TransPipeline).OnRead(0xc001f7c140, {0x19a8aa0?, 0xc001e7a960?}, {0x7fb2d965a818, 0xc001e74000})\n\t/home/doncz/go/pkg/mod/github.com/cloudwego/kitex@v0.12.3/pkg/remote/trans_pipeline.go:129 +0xbb\ngithub.com/cloudwego/kitex/pkg/remote/trans/netpoll.(*transServer).onConnRead(0xc001bac700, {0x19a8aa0, 0xc001e7a960}, {0x19ba480, 0xc001e74000})\n\t/home/doncz/go/pkg/mod/github.com/cloudwego/kitex@v0.12.3/pkg/remote/trans/netpoll/trans_server.go:170 +0xb6\ngithub.com/cloudwego/netpoll.(*connection).onProcess.func1()\n\t/home/doncz/go/pkg/mod/github.com/cloudwego/netpoll@v0.6.5/connection_onevent.go:229 +0x1bd\ngithub.com/bytedance/gopkg/util/gopool.(*worker).run.func1.1(0xc001f6dfd0?, 0x449d72?)\n\t/home/doncz/go/pkg/mod/github.com/bytedance/gopkg@v0.1.1/util/gopool/worker.go:69 +0x48\ngithub.com/bytedance/gopkg/util/gopool.(*worker).run.func1()\n\t/home/doncz/go/pkg/mod/github.com/bytedance/gopkg@v0.1.1/util/gopool/worker.go:70 +0xe9\ncreated by github.com/bytedance/gopkg/util/gopool.(*worker).run in goroutine 42\n\t/home/doncz/go/pkg/mod/github.com/bytedance/gopkg@v0.1.1/util/gopool/worker.go:41 +0x4f\n","time":"2025-04-08T21:46:04+08:00"}
{"level":"error","msg":"KITEX: processing request error, remoteService=, remoteAddr=192.168.1.4:37034, error=panic: [happened in biz handler, method=UserService.Sign, please check the panic at the server side] runtime error: invalid memory address or nil pointer dereference\nstack=goroutine 84 [running]:\nruntime/debug.Stack()\n\t/usr/local/go/src/runtime/debug/stack.go:26 +0x5e\ngithub.com/cloudwego/kitex/server.(*server).buildInvokeChain.(*server).invokeHandleEndpoint.func1.1()\n\t/home/doncz/go/pkg/mod/github.com/cloudwego/kitex@v0.12.3/server/server.go:394 +0x145\npanic({0x156d580?, 0x25c34f0?})\n\t/usr/local/go/src/runtime/panic.go:792 +0x132\ngithub.com/ITu-CloudWeGo/itu_rpc_user/db.(*UserDaoImpl).FindByEmail(0x0, {0xc00190c108, 0x11})\n\t/home/doncz/code/ITu/itu_rpc_user/db/dao.go:106 +0x93\nmain.(*UserServiceImpl).Sign(0x25c6540?, {0x1600540?, 0x17ef001?}, 0xc001bac300)\n\t/home/doncz/code/ITu/itu_rpc_user/handler.go:24 +0x50\ngithub.com/ITu-CloudWeGo/itu_rpc_user/kitex_gen/user_service/userservice.signHandler({0x19a8aa0, 0xc001ffea50}, {0x1600540?, 0x266c820}, {0x1699900?, 0xc001932048?}, {0x16a4720, 0xc001932050})\n\t/home/doncz/code/ITu/itu_rpc_user/kitex_gen/user_service/userservice/userservice.go:126 +0x238\ngithub.com/cloudwego/kitex/server.(*server).buildInvokeChain.(*server).invokeHandleEndpoint.func1({0x19a8aa0, 0xc001ffea50}, {0x1699900, 0xc001932048}, {0x16a4720, 0xc001932050})\n\t/home/doncz/go/pkg/mod/github.com/cloudwego/kitex@v0.12.3/server/server.go:408 +0x2b3\ngithub.com/cloudwego/kitex/server.(*server).buildMiddlewares.(*server).buildCoreMiddleware.func2.1({0x19a8aa0, 0xc001ffea50}, {0x1699900?, 0xc001932048?}, {0x16a4720?, 0xc001932050?})\n\t/home/doncz/go/pkg/mod/github.com/cloudwego/kitex@v0.12.3/server/server.go:365 +0xb6\ngithub.com/cloudwego/kitex/server.(*server).buildStreamCtxInjectMiddleware.newCtxInjectMW.func1.1({0x19a8aa0?, 0xc001ffea50?}, {0x1699900?, 0xc001932048?}, {0x16a4720?, 0xc001932050?})\n\t/home/doncz/go/pkg/mod/github.com/cloudwego/kitex@v0.12.3/server/middlewares.go:54 +0x116\ngithub.com/cloudwego/kitex/pkg/remote/trans.(*svrTransHandler).OnMessage(0xc001f5ede0, {0x19a8aa0, 0xc001ffea50}, {0x19ba7a0?, 0xc0021a21b0?}, {0x19ba7a0, 0xc0021a2240})\n\t/home/doncz/go/pkg/mod/github.com/cloudwego/kitex@v0.12.3/pkg/remote/trans/default_server_handler.go:242 +0x8b\ngithub.com/cloudwego/kitex/pkg/remote/trans/detection.(*svrTransHandler).OnMessage(0xc001895560?, {0x19a8aa0, 0xc001ffea50}, {0x19ba7a0, 0xc0021a21b0}, {0x19ba7a0, 0xc0021a2240})\n\t/home/doncz/go/pkg/mod/github.com/cloudwego/kitex@v0.12.3/pkg/remote/trans/detection/server_handler.go:130 +0x58\ngithub.com/cloudwego/kitex/pkg/remote.(*TransPipeline).OnMessage(0xc001f7c140, {0x19a8aa0?, 0xc00211e5a0?}, {0x19ba7a0, 0xc0021a21b0}, {0x19ba7a0, 0xc0021a2240})\n\t/home/doncz/go/pkg/mod/github.com/cloudwego/kitex@v0.12.3/pkg/remote/trans_pipeline.go:156 +0x117\ngithub.com/cloudwego/kitex/pkg/remote/trans.(*svrTransHandler).OnRead(0xc001f5ede0, {0x19a8aa0, 0xc00211e5a0}, {0x7fb2d965a818, 0xc001e74000})\n\t/home/doncz/go/pkg/mod/github.com/cloudwego/kitex@v0.12.3/pkg/remote/trans/default_server_handler.go:217 +0x485\ngithub.com/cloudwego/kitex/pkg/remote/trans/detection.(*svrTransHandler).OnRead(0xc001f698f0, {0x19a8aa0, 0xc00211e5a0}, {0x7fb2d965a818, 0xc001e74000})\n\t/home/doncz/go/pkg/mod/github.com/cloudwego/kitex@v0.12.3/pkg/remote/trans/detection/server_handler.go:114 +0x218\ngithub.com/cloudwego/kitex/pkg/remote.(*TransPipeline).OnRead(0xc001f7c140, {0x19a8aa0?, 0xc00211e5a0?}, {0x7fb2d965a818, 0xc001e74000})\n\t/home/doncz/go/pkg/mod/github.com/cloudwego/kitex@v0.12.3/pkg/remote/trans_pipeline.go:129 +0xbb\ngithub.com/cloudwego/kitex/pkg/remote/trans/netpoll.(*transServer).onConnRead(0xc001bac700, {0x19a8aa0, 0xc00211e5a0}, {0x19ba480, 0xc001e74000})\n\t/home/doncz/go/pkg/mod/github.com/cloudwego/kitex@v0.12.3/pkg/remote/trans/netpoll/trans_server.go:170 +0xb6\ngithub.com/cloudwego/netpoll.(*connection).onProcess.func1()\n\t/home/doncz/go/pkg/mod/github.com/cloudwego/netpoll@v0.6.5/connection_onevent.go:229 +0x1bd\ngithub.com/bytedance/gopkg/util/gopool.(*worker).run.func1.1(0xc001f6c7d0?, 0x449d72?)\n\t/home/doncz/go/pkg/mod/github.com/bytedance/gopkg@v0.1.1/util/gopool/worker.go:69 +0x48\ngithub.com/bytedance/gopkg/util/gopool.(*worker).run.func1()\n\t/home/doncz/go/pkg/mod/github.com/bytedance/gopkg@v0.1.1/util/gopool/worker.go:70 +0xe9\ncreated by github.com/bytedance/gopkg/util/gopool.(*worker).run in goroutine 42\n\t/home/doncz/go/pkg/mod/github.com/bytedance/gopkg@v0.1.1/util/gopool/worker.go:41 +0x4f\n","time":"2025-04-08T21:51:26+08:00"}
